{"F:\\JEST\\testing_1\\src\\core\\fibo.ts": {"path":"F:\\JEST\\testing_1\\src\\core\\fibo.ts","statementMap":{"0":{"start":{"line":2,"column":3},"end":{"line":2,"column":null}},"1":{"start":{"line":2,"column":13},"end":{"line":2,"column":22}},"2":{"start":{"line":3,"column":3},"end":{"line":4,"column":46}},"3":{"start":{"line":3,"column":18},"end":{"line":3,"column":27}},"4":{"start":{"line":4,"column":8},"end":{"line":4,"column":45}},"5":{"start":{"line":1,"column":0},"end":{"line":1,"column":16}}},"fnMap":{"0":{"name":"fibonacci","decl":{"start":{"line":1,"column":16},"end":{"line":1,"column":25}},"loc":{"start":{"line":1,"column":27},"end":{"line":5,"column":1}}}},"branchMap":{"0":{"loc":{"start":{"line":2,"column":3},"end":{"line":2,"column":null}},"type":"if","locations":[{"start":{"line":2,"column":3},"end":{"line":2,"column":null}},{"start":{"line":2,"column":3},"end":{"line":2,"column":null}}]},"1":{"loc":{"start":{"line":3,"column":3},"end":{"line":4,"column":46}},"type":"if","locations":[{"start":{"line":3,"column":3},"end":{"line":4,"column":46}},{"start":{"line":3,"column":3},"end":{"line":4,"column":46}}]},"2":{"loc":{"start":{"line":3,"column":6},"end":{"line":3,"column":10}},"type":"binary-expr","locations":[{"start":{"line":3,"column":6},"end":{"line":3,"column":10}},{"start":{"line":3,"column":12},"end":{"line":3,"column":16}}]}},"s":{"0":11,"1":1,"2":10,"3":7,"4":3,"5":1},"f":{"0":11},"b":{"0":[1,10],"1":[7,3],"2":[10,7]}}
,"F:\\JEST\\testing_1\\src\\core\\sum.ts": {"path":"F:\\JEST\\testing_1\\src\\core\\sum.ts","statementMap":{"0":{"start":{"line":1,"column":19},"end":{"line":2,"column":5}},"1":{"start":{"line":2,"column":4},"end":{"line":2,"column":10}},"2":{"start":{"line":1,"column":13},"end":{"line":1,"column":19}}},"fnMap":{"0":{"name":"(anonymous_0)","decl":{"start":{"line":1,"column":19},"end":{"line":1,"column":20}},"loc":{"start":{"line":1,"column":24},"end":{"line":2,"column":5}}}},"branchMap":{},"s":{"0":1,"1":1,"2":1},"f":{"0":1},"b":{}}
}
